Length of x: 5000
Total elements: 25000000
width:	5000
output:	831027380
no asserts for this dimension...


 =============== CPU Profiler Fine-Grained and Coarse-Grained Data =============== 


          Fine-Grained Information of Usage Percentages (per core) at Elapsed Times When Running JuliaSet
╒══════════════════════╤═══════════╤═══════════╤═══════════╤═══════════╤═══════════╤═══════════╤═══════════╤═══════════╤═══════════╤═══════════╕
│   Elapsed Time (sec) │   Core #0 │   Core #1 │   Core #2 │   Core #3 │   Core #4 │   Core #5 │   Core #6 │   Core #7 │   Core #8 │   Core #9 │
╞══════════════════════╪═══════════╪═══════════╪═══════════╪═══════════╪═══════════╪═══════════╪═══════════╪═══════════╪═══════════╪═══════════╡
│                    0 │       6   │       6   │       4.9 │         4 │         0 │         0 │         1 │         0 │         0 │         0 │
├──────────────────────┼───────────┼───────────┼───────────┼───────────┼───────────┼───────────┼───────────┼───────────┼───────────┼───────────┤
│                    5 │       4   │       4   │     100   │         0 │         0 │         0 │         0 │         0 │         0 │         0 │
├──────────────────────┼───────────┼───────────┼───────────┼───────────┼───────────┼───────────┼───────────┼───────────┼───────────┼───────────┤
│                   10 │       6   │       5   │     100   │         0 │         0 │         0 │         0 │         0 │         0 │         0 │
├──────────────────────┼───────────┼───────────┼───────────┼───────────┼───────────┼───────────┼───────────┼───────────┼───────────┼───────────┤
│                   15 │       6.9 │       5   │       0   │         0 │       100 │         0 │         0 │         0 │         0 │         0 │
├──────────────────────┼───────────┼───────────┼───────────┼───────────┼───────────┼───────────┼───────────┼───────────┼───────────┼───────────┤
│                   20 │       5   │       6.9 │       0   │       100 │         0 │         0 │         0 │         0 │         0 │         0 │
├──────────────────────┼───────────┼───────────┼───────────┼───────────┼───────────┼───────────┼───────────┼───────────┼───────────┼───────────┤
│                   25 │       4   │       3   │       0   │       100 │         0 │         0 │         0 │         0 │         0 │         0 │
├──────────────────────┼───────────┼───────────┼───────────┼───────────┼───────────┼───────────┼───────────┼───────────┼───────────┼───────────┤
│                   30 │       6   │       6.9 │     100   │         0 │         0 │         0 │         0 │         0 │         0 │         0 │
├──────────────────────┼───────────┼───────────┼───────────┼───────────┼───────────┼───────────┼───────────┼───────────┼───────────┼───────────┤
│                   35 │       7   │       8.9 │     100   │         0 │         0 │         0 │         0 │         0 │         0 │         0 │
├──────────────────────┼───────────┼───────────┼───────────┼───────────┼───────────┼───────────┼───────────┼───────────┼───────────┼───────────┤
│                   40 │       5.9 │       5   │     100   │         0 │         0 │         0 │         0 │         0 │         0 │         0 │
├──────────────────────┼───────────┼───────────┼───────────┼───────────┼───────────┼───────────┼───────────┼───────────┼───────────┼───────────┤
│                   45 │       3   │       3   │     100   │         0 │         0 │         0 │         0 │         0 │         0 │         0 │
├──────────────────────┼───────────┼───────────┼───────────┼───────────┼───────────┼───────────┼───────────┼───────────┼───────────┼───────────┤
│                   50 │       5.9 │       5   │     100   │         1 │         0 │         0 │         0 │         0 │         0 │         0 │
├──────────────────────┼───────────┼───────────┼───────────┼───────────┼───────────┼───────────┼───────────┼───────────┼───────────┼───────────┤
│                   55 │       5.9 │       5   │     100   │         0 │         0 │         0 │         0 │         0 │         0 │         0 │
├──────────────────────┼───────────┼───────────┼───────────┼───────────┼───────────┼───────────┼───────────┼───────────┼───────────┼───────────┤
│                   60 │       4   │       4.9 │     100   │         0 │         0 │         0 │         0 │         0 │         0 │         0 │
├──────────────────────┼───────────┼───────────┼───────────┼───────────┼───────────┼───────────┼───────────┼───────────┼───────────┼───────────┤
│                   65 │       5   │       5.9 │       0   │       100 │         0 │         0 │         0 │         0 │         0 │         0 │
╘══════════════════════╧═══════════╧═══════════╧═══════════╧═══════════╧═══════════╧═══════════╧═══════════╧═══════════╧═══════════╧═══════════╛




Coarse Grained Info on Usage Percentages (per core) While Running JuliaSet
╒═══════════════╤═════════════════════════╤═════════════════════════════════╕
│ Core Number   │   Mean Usage Percentage │   Std. Dev. in Usage Percentage │
╞═══════════════╪═════════════════════════╪═════════════════════════════════╡
│ Core #0       │               5.32857   │                        1.15042  │
├───────────────┼─────────────────────────┼─────────────────────────────────┤
│ Core #1       │               5.32143   │                        1.50721  │
├───────────────┼─────────────────────────┼─────────────────────────────────┤
│ Core #2       │              64.6357    │                       47.4606   │
├───────────────┼─────────────────────────┼─────────────────────────────────┤
│ Core #3       │              21.7857    │                       40.859    │
├───────────────┼─────────────────────────┼─────────────────────────────────┤
│ Core #4       │               7.14286   │                       25.7539   │
├───────────────┼─────────────────────────┼─────────────────────────────────┤
│ Core #5       │               0         │                        0        │
├───────────────┼─────────────────────────┼─────────────────────────────────┤
│ Core #6       │               0.0714286 │                        0.257539 │
├───────────────┼─────────────────────────┼─────────────────────────────────┤
│ Core #7       │               0         │                        0        │
├───────────────┼─────────────────────────┼─────────────────────────────────┤
│ Core #8       │               0         │                        0        │
├───────────────┼─────────────────────────┼─────────────────────────────────┤
│ Core #9       │               0         │                        0        │
╘═══════════════╧═════════════════════════╧═════════════════════════════════╛
