

 =============== CPU Profiler Fine-Grained and Coarse-Grained Data =============== 


          Fine-Grained Information of Usage Percentages (per core) at Elapsed Times When Running Diffusion Code
╒══════════════════════╤═══════════╤═══════════╤═══════════╤═══════════╤═══════════╤═══════════╤═══════════╤═══════════╤═══════════╤═══════════╕
│   Elapsed Time (sec) │   Core #0 │   Core #1 │   Core #2 │   Core #3 │   Core #4 │   Core #5 │   Core #6 │   Core #7 │   Core #8 │   Core #9 │
╞══════════════════════╪═══════════╪═══════════╪═══════════╪═══════════╪═══════════╪═══════════╪═══════════╪═══════════╪═══════════╪═══════════╡
│                    0 │       8.8 │       3   │       7.8 │       4   │       4   │       6.9 │       4   │       4.9 │         4 │       5.9 │
├──────────────────────┼───────────┼───────────┼───────────┼───────────┼───────────┼───────────┼───────────┼───────────┼───────────┼───────────┤
│                    5 │       9   │       8.9 │      21.6 │      90.2 │       0   │       1   │       2   │       0   │         0 │       0   │
├──────────────────────┼───────────┼───────────┼───────────┼───────────┼───────────┼───────────┼───────────┼───────────┼───────────┼───────────┤
│                   10 │      14   │      12.6 │     100   │       0   │       0   │       0   │       0   │       0   │         0 │       0   │
├──────────────────────┼───────────┼───────────┼───────────┼───────────┼───────────┼───────────┼───────────┼───────────┼───────────┼───────────┤
│                   15 │       1   │       2.9 │     100   │       0   │       0   │       0   │       0   │       0   │         0 │       0   │
├──────────────────────┼───────────┼───────────┼───────────┼───────────┼───────────┼───────────┼───────────┼───────────┼───────────┼───────────┤
│                   20 │       4   │       7.9 │     100   │       0   │       0   │       0   │       0   │       0   │         0 │       0   │
├──────────────────────┼───────────┼───────────┼───────────┼───────────┼───────────┼───────────┼───────────┼───────────┼───────────┼───────────┤
│                   25 │       3   │       2   │     100   │       0   │       0   │       0   │       0   │       0   │         0 │       0   │
├──────────────────────┼───────────┼───────────┼───────────┼───────────┼───────────┼───────────┼───────────┼───────────┼───────────┼───────────┤
│                   30 │       3   │       3   │     100   │       0   │       0   │       0   │       0   │       0   │         0 │       0   │
├──────────────────────┼───────────┼───────────┼───────────┼───────────┼───────────┼───────────┼───────────┼───────────┼───────────┼───────────┤
│                   35 │       2   │       4   │       0   │     100   │       0   │       0   │       0   │       0   │         0 │       0   │
├──────────────────────┼───────────┼───────────┼───────────┼───────────┼───────────┼───────────┼───────────┼───────────┼───────────┼───────────┤
│                   40 │       5.1 │      12.6 │       0   │     100   │       0   │       0   │       0   │       0   │         0 │       0   │
├──────────────────────┼───────────┼───────────┼───────────┼───────────┼───────────┼───────────┼───────────┼───────────┼───────────┼───────────┤
│                   45 │      14.9 │      14   │      22   │      26.7 │      12.9 │      18.8 │       6.9 │       2.9 │         1 │       0   │
╘══════════════════════╧═══════════╧═══════════╧═══════════╧═══════════╧═══════════╧═══════════╧═══════════╧═══════════╧═══════════╧═══════════╛




Coarse Grained Info on Usage Percentages (per core) While Running Diffusion Code
╒═══════════════╤═════════════════════════╤═════════════════════════════════╕
│ Core Number   │   Mean Usage Percentage │   Std. Dev. in Usage Percentage │
╞═══════════════╪═════════════════════════╪═════════════════════════════════╡
│ Core #0       │                5.54444  │                         3.98305 │
├───────────────┼─────────────────────────┼─────────────────────────────────┤
│ Core #1       │                6.32222  │                         4.02514 │
├───────────────┼─────────────────────────┼─────────────────────────────────┤
│ Core #2       │               58.8222   │                        46.4123  │
├───────────────┼─────────────────────────┼─────────────────────────────────┤
│ Core #3       │               32.6889   │                        45.3811  │
├───────────────┼─────────────────────────┼─────────────────────────────────┤
│ Core #4       │                0.444444 │                         1.25708 │
├───────────────┼─────────────────────────┼─────────────────────────────────┤
│ Core #5       │                0.877778 │                         2.15189 │
├───────────────┼─────────────────────────┼─────────────────────────────────┤
│ Core #6       │                0.666667 │                         1.33333 │
├───────────────┼─────────────────────────┼─────────────────────────────────┤
│ Core #7       │                0.544444 │                         1.53992 │
├───────────────┼─────────────────────────┼─────────────────────────────────┤
│ Core #8       │                0.444444 │                         1.25708 │
├───────────────┼─────────────────────────┼─────────────────────────────────┤
│ Core #9       │                0.655556 │                         1.85419 │
╘═══════════════╧═════════════════════════╧═════════════════════════════════╛

